2025-05-23 07:32:01,444 - INFO - PyTorch version 2.4.1 available.
2025-05-23 07:45:22,879 - INFO - PyTorch version 2.4.1 available.
2025-05-23 07:47:04,043 - INFO - PyTorch version 2.4.1 available.
2025-05-23 08:50:30,067 - INFO - PyTorch version 2.4.1 available.
2025-05-23 09:56:45,473 - INFO - === STARTING COMPLETE HOUSING LAW PIPELINE ===
2025-05-23 09:56:45,474 - INFO - === STARTING HOUSING LEGISLATION DOWNLOAD PHASE ===
2025-05-23 09:56:45,476 - INFO - Discovering housing legislation...
2025-05-23 09:56:45,477 - INFO - === STARTING HOUSING LEGISLATION DISCOVERY ===
2025-05-23 09:56:45,479 - INFO - Adding specific housing acts and amendments to download queue...
2025-05-23 09:56:45,480 - INFO - Added housing legislation: https://www.legislation.gov.uk/ukpga/1985/68
2025-05-23 09:56:45,480 - INFO - Added housing legislation: https://www.legislation.gov.uk/ukpga/1988/50
2025-05-23 09:56:45,481 - INFO - Added housing legislation: https://www.legislation.gov.uk/ukpga/1996/52
2025-05-23 09:56:45,481 - INFO - Added housing legislation: https://www.legislation.gov.uk/ukpga/2004/34
2025-05-23 09:56:45,482 - INFO - Added housing legislation: https://www.legislation.gov.uk/ukpga/1977/42
2025-05-23 09:56:45,482 - INFO - Added housing legislation: https://www.legislation.gov.uk/ukpga/1965/75
2025-05-23 09:56:45,483 - INFO - Added housing legislation: https://www.legislation.gov.uk/ukpga/1985/70
2025-05-23 09:56:45,483 - INFO - Added housing legislation: https://www.legislation.gov.uk/ukpga/1987/31
2025-05-23 09:56:45,484 - INFO - Added housing legislation: https://www.legislation.gov.uk/ukpga/1954/56
2025-05-23 09:56:45,484 - INFO - Added housing legislation: https://www.legislation.gov.uk/ukpga/1967/88
2025-05-23 09:56:45,485 - INFO - Added housing legislation: https://www.legislation.gov.uk/ukpga/1993/28
2025-05-23 09:56:45,486 - INFO - Added housing legislation: https://www.legislation.gov.uk/ukpga/2002/15
2025-05-23 09:56:45,486 - INFO - Added housing legislation: https://www.legislation.gov.uk/ukpga/2016/22
2025-05-23 09:56:45,487 - INFO - Added housing legislation: https://www.legislation.gov.uk/ukpga/2019/4
2025-05-23 09:56:45,487 - INFO - Added housing legislation: https://www.legislation.gov.uk/ukpga/2017/13
2025-05-23 09:56:45,488 - INFO - Added housing legislation: https://www.legislation.gov.uk/ukpga/1977/43
2025-05-23 09:56:45,489 - INFO - Added housing legislation: https://www.legislation.gov.uk/ukpga/1972/35
2025-05-23 09:56:45,490 - INFO - Added housing legislation: https://www.legislation.gov.uk/ukpga/2013/5
2025-05-23 09:56:45,491 - INFO - Added housing legislation: https://www.legislation.gov.uk/ukpga/1983/34
2025-05-23 09:56:45,492 - INFO - Added housing legislation: https://www.legislation.gov.uk/ukpga/1968/52
2025-05-23 09:56:45,493 - INFO - Added housing legislation: https://www.legislation.gov.uk/ukpga/2020/17
2025-05-23 09:56:45,493 - INFO - Added housing legislation: https://www.legislation.gov.uk/ukpga/1988/9
2025-05-23 09:56:45,494 - INFO - Added housing legislation: https://www.legislation.gov.uk/ukpga/2014/6
2025-05-23 09:56:45,495 - INFO - Added housing legislation: https://www.legislation.gov.uk/uksi/1988/2203
2025-05-23 09:56:45,495 - INFO - Added housing legislation: https://www.legislation.gov.uk/uksi/1997/194
2025-05-23 09:56:45,496 - INFO - Added housing legislation: https://www.legislation.gov.uk/uksi/2006/2825
2025-05-23 09:56:45,497 - INFO - Added housing legislation: https://www.legislation.gov.uk/uksi/2007/1903
2025-05-23 09:56:45,497 - INFO - Added housing legislation: https://www.legislation.gov.uk/uksi/2019/947
2025-05-23 09:56:45,498 - INFO - Added housing legislation: https://www.legislation.gov.uk/uksi/2020/914
2025-05-23 09:56:45,498 - INFO - Added housing legislation: https://www.legislation.gov.uk/uksi/2021/15
2025-05-23 09:56:45,499 - INFO - Added 30 specific housing acts and amendments
2025-05-23 09:56:45,507 - INFO - Progress saved: 0 downloaded, 0 failed
2025-05-23 09:56:45,508 - INFO - Discovering housing-related legislation...
2025-05-23 09:56:45,509 - INFO - Searching for legislation containing 'housing'...
2025-05-23 09:56:48,589 - INFO - Found housing legislation: Leasehold and Freehold Reform Act 2024
2025-05-23 09:56:51,967 - INFO - Found housing legislation: The Housing Renewal Grants (Prescribed Form and Particulars) and (Welsh Form and Particulars) (Amendment) (Wales) Regulations 1999
2025-05-23 09:56:51,970 - INFO - Found housing legislation: The Housing Renewal Grants (Amendment) (Wales) Regulations 1999
2025-05-23 09:56:51,972 - INFO - Found housing legislation: The Housing Accommodation (Persons Subject to Immigration Control) (Amendment) (Wales) Order 1999 (revoked)
2025-05-23 09:56:53,923 - INFO - Found housing legislation: Housing (Cladding Remediation) (Scotland) Act 2024
2025-05-23 09:56:59,115 - INFO - Found housing legislation: Renting Homes (Amendment) (Wales) Act 2021
2025-05-23 09:57:01,224 - INFO - Searching for legislation containing 'tenancy'...
2025-05-23 09:57:12,212 - INFO - Searching for legislation containing 'landlord'...
2025-05-23 09:57:23,096 - INFO - Searching for legislation containing 'rent'...
2025-05-23 09:57:33,807 - INFO - Searching for legislation containing 'leasehold'...
2025-05-23 09:57:44,767 - INFO - Searching for legislation containing 'tenant'...
2025-05-23 09:57:55,476 - INFO - Searching for legislation containing 'residential'...
2025-05-23 09:58:06,159 - INFO - Searching for legislation containing 'dwelling'...
2025-05-23 09:58:16,859 - INFO - Searching for legislation containing 'eviction'...
2025-05-23 09:58:27,732 - INFO - Searching for legislation containing 'possession'...
2025-05-23 09:58:38,975 - INFO - Searching for legislation containing 'letting'...
